[01/Jan/2020 09:23:32] "GET /admin/users/inventorypresent/ HTTP/1.1" 200 8359
[01/Jan/2020 09:23:33] "GET /admin/jsi18n/ HTTP/1.1" 200 3223
[01/Jan/2020 09:23:33] "GET /static/admin/css/base.css HTTP/1.1" 304 0
[01/Jan/2020 09:23:33] "GET /static/admin/css/forms.css HTTP/1.1" 304 0
[01/Jan/2020 09:23:33] "GET /static/admin/css/changelists.css HTTP/1.1" 304 0
[01/Jan/2020 09:23:34] "GET /static/admin/js/vendor/jquery/jquery.min.js HTTP/1.1" 304 0
[01/Jan/2020 09:23:34] "GET /static/admin/js/core.js HTTP/1.1" 304 0
[01/Jan/2020 09:23:34] "GET /static/admin/js/jquery.init.js HTTP/1.1" 304 0
[01/Jan/2020 09:23:34] "GET /static/admin/js/admin/RelatedObjectLookups.js HTTP/1.1" 304 0
[01/Jan/2020 09:23:34] "GET /static/admin/js/urlify.js HTTP/1.1" 304 0
[01/Jan/2020 09:23:34] "GET /static/admin/js/actions.min.js HTTP/1.1" 304 0
[01/Jan/2020 09:23:34] "GET /static/admin/js/prepopulate.min.js HTTP/1.1" 304 0
[01/Jan/2020 09:23:34] "GET /static/admin/js/vendor/xregexp/xregexp.min.js HTTP/1.1" 304 0
[01/Jan/2020 09:23:35] "GET /static/admin/css/widgets.css HTTP/1.1" 304 0
[01/Jan/2020 09:23:35] "GET /static/admin/css/responsive.css HTTP/1.1" 304 0
[01/Jan/2020 09:23:35] "GET /static/admin/css/fonts.css HTTP/1.1" 304 0
[01/Jan/2020 09:23:35] "GET /static/admin/img/search.svg HTTP/1.1" 304 0
[01/Jan/2020 09:23:36] "GET /static/admin/img/tooltag-add.svg HTTP/1.1" 304 0
[01/Jan/2020 09:23:36] "GET /static/admin/img/sorting-icons.svg HTTP/1.1" 304 0
[01/Jan/2020 09:23:36] "GET /static/admin/fonts/Roboto-Regular-webfont.woff HTTP/1.1" 304 0
[01/Jan/2020 09:23:36] "GET /static/admin/fonts/Roboto-Light-webfont.woff HTTP/1.1" 304 0
[01/Jan/2020 09:23:36] "GET /static/admin/fonts/Roboto-Bold-webfont.woff HTTP/1.1" 304 0
[01/Jan/2020 09:23:42] "GET /admin/users/ HTTP/1.1" 200 4276
[01/Jan/2020 09:23:43] "GET /static/admin/css/dashboard.css HTTP/1.1" 304 0
[01/Jan/2020 09:23:43] "GET /static/admin/img/icon-addlink.svg HTTP/1.1" 304 0
[01/Jan/2020 09:23:43] "GET /static/admin/img/icon-changelink.svg HTTP/1.1" 304 0
[01/Jan/2020 09:23:53] "GET /admin/users/roleofuser/ HTTP/1.1" 200 3193
[01/Jan/2020 09:23:53] "GET /admin/jsi18n/ HTTP/1.1" 200 3223
[01/Jan/2020 09:23:54] "GET /favicon.ico HTTP/1.1" 404 77
[01/Jan/2020 09:23:56] "GET /admin/users/roleofuser/add/ HTTP/1.1" 200 4010
[01/Jan/2020 09:23:56] "GET /admin/jsi18n/ HTTP/1.1" 200 3223
[01/Jan/2020 09:23:56] "GET /static/admin/js/prepopulate_init.js HTTP/1.1" 304 0
[01/Jan/2020 09:23:57] "GET /static/admin/js/change_form.js HTTP/1.1" 304 0
[01/Jan/2020 09:23:57] "GET /favicon.ico HTTP/1.1" 404 77
[01/Jan/2020 09:24:04] "POST /admin/users/roleofuser/add/ HTTP/1.1" 302 0
[01/Jan/2020 09:24:04] "GET /admin/users/roleofuser/ HTTP/1.1" 200 4560
[01/Jan/2020 09:24:05] "GET /admin/jsi18n/ HTTP/1.1" 200 3223
[01/Jan/2020 09:24:06] "GET /static/admin/img/icon-yes.svg HTTP/1.1" 304 0
[01/Jan/2020 09:24:07] "GET /admin/users/roleofuser/add/ HTTP/1.1" 200 4010
[01/Jan/2020 09:24:08] "GET /admin/jsi18n/ HTTP/1.1" 200 3223
[01/Jan/2020 09:24:15] "POST /admin/users/roleofuser/add/ HTTP/1.1" 302 0
[01/Jan/2020 09:24:16] "GET /admin/users/roleofuser/ HTTP/1.1" 200 4782
[01/Jan/2020 09:24:16] "GET /admin/jsi18n/ HTTP/1.1" 200 3223
[01/Jan/2020 09:24:20] "GET /admin/users/ HTTP/1.1" 200 4276
[01/Jan/2020 09:24:24] "GET /admin/users/inventorypresent/ HTTP/1.1" 200 8357
[01/Jan/2020 09:24:25] "GET /admin/jsi18n/ HTTP/1.1" 200 3223
[01/Jan/2020 09:24:29] "GET /admin/users/inventoryissued/ HTTP/1.1" 200 3933
[01/Jan/2020 09:24:30] "GET /admin/jsi18n/ HTTP/1.1" 200 3223
[01/Jan/2020 09:24:31] "GET /favicon.ico HTTP/1.1" 404 77
[01/Jan/2020 09:24:32] "GET /admin/users/inventoryissued/add/ HTTP/1.1" 200 8687
[01/Jan/2020 09:24:33] "GET /static/admin/js/SelectBox.js HTTP/1.1" 200 5755
[01/Jan/2020 09:24:33] "GET /static/admin/js/SelectFilter2.js HTTP/1.1" 200 12322
[01/Jan/2020 09:24:33] "GET /admin/jsi18n/ HTTP/1.1" 200 3223
[01/Jan/2020 09:24:33] "GET /static/admin/img/selector-icons.svg HTTP/1.1" 200 3291
[01/Jan/2020 09:24:34] "GET /favicon.ico HTTP/1.1" 404 77
[01/Jan/2020 09:25:16] "POST /admin/users/inventoryissued/add/ HTTP/1.1" 302 0
[01/Jan/2020 09:25:17] "GET /admin/users/inventoryissued/ HTTP/1.1" 200 5803
[01/Jan/2020 09:25:17] "GET /admin/jsi18n/ HTTP/1.1" 200 3223
[01/Jan/2020 09:25:37] "GET /admin/ HTTP/1.1" 200 5937
[01/Jan/2020 09:25:37] "GET /static/admin/css/dashboard.css HTTP/1.1" 304 0
[01/Jan/2020 09:25:38] "GET /static/admin/css/base.css HTTP/1.1" 304 0
[01/Jan/2020 09:25:38] "GET /static/admin/css/responsive.css HTTP/1.1" 304 0
[01/Jan/2020 09:25:38] "GET /static/admin/css/fonts.css HTTP/1.1" 304 0
[01/Jan/2020 09:25:39] "GET /static/admin/img/icon-changelink.svg HTTP/1.1" 304 0
[01/Jan/2020 09:25:39] "GET /static/admin/img/icon-addlink.svg HTTP/1.1" 304 0
[01/Jan/2020 09:25:39] "GET /static/admin/fonts/Roboto-Light-webfont.woff HTTP/1.1" 304 0
[01/Jan/2020 09:25:39] "GET /static/admin/fonts/Roboto-Regular-webfont.woff HTTP/1.1" 304 0
[01/Jan/2020 09:25:39] "GET /static/admin/fonts/Roboto-Bold-webfont.woff HTTP/1.1" 304 0
[01/Jan/2020 09:25:41] "GET /admin/logout/ HTTP/1.1" 200 1179
[01/Jan/2020 09:25:43] "GET /admin/ HTTP/1.1" 302 0
[01/Jan/2020 09:25:44] "GET /admin/login/?next=/admin/ HTTP/1.1" 200 1791
[01/Jan/2020 09:25:44] "GET /static/admin/css/login.css HTTP/1.1" 304 0
[01/Jan/2020 09:25:52] "POST /admin/login/?next=/admin/ HTTP/1.1" 302 0
[01/Jan/2020 09:25:52] "GET /admin/ HTTP/1.1" 200 5937
[01/Jan/2020 09:25:55] "GET /admin/users/userprofile/ HTTP/1.1" 200 4595
[01/Jan/2020 09:25:55] "GET /static/admin/js/jquery.init.js HTTP/1.1" 200 363
[01/Jan/2020 09:25:55] "GET /admin/jsi18n/ HTTP/1.1" 200 3223
[01/Jan/2020 09:25:55] "GET /static/admin/css/changelists.css HTTP/1.1" 200 6170
[01/Jan/2020 09:25:56] "GET /static/admin/js/core.js HTTP/1.1" 200 7135
[01/Jan/2020 09:25:56] "GET /static/admin/js/admin/RelatedObjectLookups.js HTTP/1.1" 200 6918
[01/Jan/2020 09:25:56] "GET /static/admin/js/actions.min.js HTTP/1.1" 200 3195
[01/Jan/2020 09:25:56] "GET /static/admin/js/urlify.js HTTP/1.1" 200 8972
[01/Jan/2020 09:25:56] "GET /static/admin/js/prepopulate.min.js HTTP/1.1" 200 379
[01/Jan/2020 09:25:56] "GET /static/admin/js/vendor/xregexp/xregexp.min.js HTTP/1.1" 200 62474
[01/Jan/2020 09:25:56] "GET /static/admin/js/vendor/jquery/jquery.min.js HTTP/1.1" 200 86927
[01/Jan/2020 09:25:58] "GET /static/admin/img/tooltag-add.svg HTTP/1.1" 200 331
[01/Jan/2020 09:25:59] "GET /admin/ HTTP/1.1" 200 5937
[01/Jan/2020 09:26:00] "GET /admin/users/roleofuser/ HTTP/1.1" 200 4593
[01/Jan/2020 09:26:00] "GET /admin/jsi18n/ HTTP/1.1" 200 3223
[01/Jan/2020 09:26:02] "GET /admin/ HTTP/1.1" 200 5937
[01/Jan/2020 09:26:03] "GET /admin/users/inventorypresent/ HTTP/1.1" 200 8385
[01/Jan/2020 09:26:04] "GET /admin/jsi18n/ HTTP/1.1" 200 3223
[01/Jan/2020 09:26:04] "GET /static/admin/css/forms.css HTTP/1.1" 200 8518
[01/Jan/2020 09:26:04] "GET /static/admin/img/search.svg HTTP/1.1" 200 458
[01/Jan/2020 09:26:04] "GET /static/admin/css/widgets.css HTTP/1.1" 200 10340
[01/Jan/2020 09:26:05] "GET /static/admin/img/sorting-icons.svg HTTP/1.1" 200 1097
[01/Jan/2020 09:26:07] "GET /admin/ HTTP/1.1" 200 5937
[01/Jan/2020 09:26:08] "GET /admin/users/inventoryissued/ HTTP/1.1" 200 5604
[01/Jan/2020 09:26:09] "GET /admin/jsi18n/ HTTP/1.1" 200 3223
[01/Jan/2020 09:26:11] "GET /admin/users/inventoryissued/add/ HTTP/1.1" 200 8687
[01/Jan/2020 09:26:12] "GET /static/admin/js/prepopulate_init.js HTTP/1.1" 200 495
[01/Jan/2020 09:26:12] "GET /static/admin/js/change_form.js HTTP/1.1" 200 712
[01/Jan/2020 09:26:12] "GET /static/admin/js/SelectFilter2.js HTTP/1.1" 200 12322
[01/Jan/2020 09:26:12] "GET /static/admin/js/SelectBox.js HTTP/1.1" 200 5755
[01/Jan/2020 09:26:12] "GET /admin/jsi18n/ HTTP/1.1" 200 3223
[01/Jan/2020 09:26:12] "GET /static/admin/img/icon-unknown.svg HTTP/1.1" 200 655
[01/Jan/2020 09:26:12] "GET /static/admin/img/icon-unknown-alt.svg HTTP/1.1" 200 655
[01/Jan/2020 09:26:12] "GET /static/admin/img/selector-icons.svg HTTP/1.1" 200 3291
[01/Jan/2020 09:26:14] "GET /admin/users/inventoryissued/ HTTP/1.1" 200 5604
[01/Jan/2020 09:26:16] "GET /admin/ HTTP/1.1" 200 5937
[01/Jan/2020 09:26:17] "GET /admin/users/inventoryissued/ HTTP/1.1" 200 5604
[01/Jan/2020 09:26:19] "GET /admin/users/inventoryissued/?get_user_type__id__exact=1 HTTP/1.1" 200 5895
[01/Jan/2020 09:26:20] "GET /admin/jsi18n/ HTTP/1.1" 200 3223
[01/Jan/2020 09:26:20] "GET /admin/users/inventoryissued/?get_user_type__id__exact=2 HTTP/1.1" 200 4668
[01/Jan/2020 09:26:21] "GET /admin/jsi18n/ HTTP/1.1" 200 3223
[01/Jan/2020 09:26:23] "GET /admin/users/inventoryissued/?get_user_type__id__exact=1 HTTP/1.1" 200 5895
[01/Jan/2020 09:26:23] "GET /admin/users/inventoryissued/ HTTP/1.1" 200 5604
[01/Jan/2020 09:26:28] "GET /admin/users/ HTTP/1.1" 200 4276
[01/Jan/2020 09:26:30] "GET /admin/users/roleofuser/ HTTP/1.1" 200 4593
[01/Jan/2020 09:26:30] "GET /admin/jsi18n/ HTTP/1.1" 200 3223
[01/Jan/2020 09:26:32] "GET /admin/users/ HTTP/1.1" 200 4276
[01/Jan/2020 09:26:35] "GET /admin/users/inventorypresent/ HTTP/1.1" 200 8379
[01/Jan/2020 09:26:35] "GET /admin/jsi18n/ HTTP/1.1" 200 3223
[01/Jan/2020 09:26:38] "GET /admin/users/ HTTP/1.1" 200 4276
[01/Jan/2020 09:26:40] "GET /admin/users/inventoryissued/ HTTP/1.1" 200 5604
[01/Jan/2020 09:26:40] "GET /admin/jsi18n/ HTTP/1.1" 200 3223
[01/Jan/2020 09:26:42] "GET /admin/users/ HTTP/1.1" 200 4276
[01/Jan/2020 09:26:44] "GET /admin/users/inventoryissued/ HTTP/1.1" 200 5604
[01/Jan/2020 09:26:45] "GET /admin/users/inventoryissued/1/change/ HTTP/1.1" 200 8901
[01/Jan/2020 09:26:46] "GET /admin/jsi18n/ HTTP/1.1" 200 3223
[01/Jan/2020 09:27:04] "GET /admin/users/ HTTP/1.1" 200 4276
[01/Jan/2020 09:27:08] "GET /admin/logout/ HTTP/1.1" 200 1179
[01/Jan/2020 09:27:51] code 400, message Bad request version ('HTTP')
[01/Jan/2020 09:27:51] "GET ../../ HTTP" 400 -
[01/Jan/2020 09:28:05] "GET /admin/users/ HTTP/1.1" 200 4276
[01/Jan/2020 10:18:53] "GET /admin HTTP/1.1" 301 0
[01/Jan/2020 10:18:54] "GET /admin/ HTTP/1.1" 302 0
[01/Jan/2020 10:18:55] "GET /admin/login/?next=/admin/ HTTP/1.1" 200 1791
[01/Jan/2020 10:18:55] "GET /static/admin/css/login.css HTTP/1.1" 200 1233
[01/Jan/2020 10:18:55] "GET /static/admin/css/responsive.css HTTP/1.1" 200 17944
[01/Jan/2020 10:18:55] "GET /static/admin/css/base.css HTTP/1.1" 200 16378
[01/Jan/2020 10:18:56] "GET /static/admin/css/fonts.css HTTP/1.1" 200 423
[01/Jan/2020 10:18:57] "GET /favicon.ico HTTP/1.1" 404 77
[01/Jan/2020 10:18:58] "GET /static/admin/fonts/Roboto-Regular-webfont.woff HTTP/1.1" 200 85876
[01/Jan/2020 10:18:58] "GET /static/admin/fonts/Roboto-Light-webfont.woff HTTP/1.1" 200 85692
[01/Jan/2020 10:19:08] "POST /admin/login/?next=/admin/ HTTP/1.1" 302 0
[01/Jan/2020 10:19:09] "GET /admin/ HTTP/1.1" 200 5937
[01/Jan/2020 10:19:09] "GET /static/admin/css/dashboard.css HTTP/1.1" 200 412
[01/Jan/2020 10:19:10] "GET /static/admin/img/icon-changelink.svg HTTP/1.1" 200 380
[01/Jan/2020 10:19:10] "GET /static/admin/img/icon-addlink.svg HTTP/1.1" 200 331
[01/Jan/2020 10:19:10] "GET /static/admin/fonts/Roboto-Bold-webfont.woff HTTP/1.1" 200 86184
[01/Jan/2020 10:19:14] "GET /admin/users/categorie/add/ HTTP/1.1" 200 3981
[01/Jan/2020 10:19:15] "GET /static/admin/css/forms.css HTTP/1.1" 200 8518
[01/Jan/2020 10:19:15] "GET /admin/jsi18n/ HTTP/1.1" 200 3223
[01/Jan/2020 10:19:15] "GET /static/admin/js/jquery.init.js HTTP/1.1" 200 363
[01/Jan/2020 10:19:15] "GET /static/admin/js/core.js HTTP/1.1" 200 7135
[01/Jan/2020 10:19:15] "GET /static/admin/js/admin/RelatedObjectLookups.js HTTP/1.1" 200 6918
[01/Jan/2020 10:19:15] "GET /static/admin/js/vendor/jquery/jquery.min.js HTTP/1.1" 200 86927
[01/Jan/2020 10:19:15] "GET /static/admin/js/actions.min.js HTTP/1.1" 200 3195
[01/Jan/2020 10:19:15] "GET /static/admin/js/urlify.js HTTP/1.1" 200 8972
[01/Jan/2020 10:19:16] "GET /static/admin/css/widgets.css HTTP/1.1" 200 10340
[01/Jan/2020 10:19:16] "GET /static/admin/js/vendor/xregexp/xregexp.min.js HTTP/1.1" 200 62474
[01/Jan/2020 10:19:16] "GET /static/admin/js/prepopulate.min.js HTTP/1.1" 200 379
[01/Jan/2020 10:19:16] "GET /static/admin/js/prepopulate_init.js HTTP/1.1" 200 495
[01/Jan/2020 10:19:16] "GET /static/admin/js/change_form.js HTTP/1.1" 200 712
[01/Jan/2020 10:19:36] "POST /admin/users/categorie/add/ HTTP/1.1" 302 0
[01/Jan/2020 10:19:37] "GET /admin/users/categorie/ HTTP/1.1" 200 4980
[01/Jan/2020 10:19:37] "GET /static/admin/css/changelists.css HTTP/1.1" 200 6170
[01/Jan/2020 10:19:37] "GET /admin/jsi18n/ HTTP/1.1" 200 3223
[01/Jan/2020 10:19:38] "GET /static/admin/img/tooltag-add.svg HTTP/1.1" 200 331
[01/Jan/2020 10:19:38] "GET /static/admin/img/icon-yes.svg HTTP/1.1" 200 436
[01/Jan/2020 10:19:44] "GET /admin/users/ HTTP/1.1" 200 4276
[01/Jan/2020 10:19:47] "GET /admin/users/inventorypresent/ HTTP/1.1" 200 8459
[01/Jan/2020 10:19:47] "GET /admin/jsi18n/ HTTP/1.1" 200 3223
[01/Jan/2020 10:19:47] "GET /static/admin/img/search.svg HTTP/1.1" 200 458
[01/Jan/2020 10:19:48] "GET /static/admin/img/sorting-icons.svg HTTP/1.1" 200 1097
[01/Jan/2020 10:19:57] "GET /admin/users/inventorypresent/add/ HTTP/1.1" 200 7383
[01/Jan/2020 10:19:57] "GET /admin/jsi18n/ HTTP/1.1" 200 3223
[01/Jan/2020 10:19:57] "GET /static/admin/img/icon-deletelink.svg HTTP/1.1" 200 392
[01/Jan/2020 10:20:25] "POST /admin/users/inventorypresent/add/ HTTP/1.1" 302 0
[01/Jan/2020 10:20:26] "GET /admin/users/inventorypresent/ HTTP/1.1" 500 27
[01/Jan/2020 10:20:31] "GET /admin/users/inventorypresent/add/ HTTP/1.1" 200 7383
[01/Jan/2020 10:22:35] "GET /admin/users/inventorypresent/ HTTP/1.1" 500 27
[01/Jan/2020 10:22:37] "GET /admin/users/inventorypresent/add/ HTTP/1.1" 200 7383
[01/Jan/2020 10:22:48] "GET /admin/users/ HTTP/1.1" 200 4276
[01/Jan/2020 10:22:50] "GET /admin/users/inventorypresent/ HTTP/1.1" 500 27
[01/Jan/2020 10:22:50] "GET /admin/users/inventorypresent/ HTTP/1.1" 500 27
[01/Jan/2020 10:22:56] "GET /admin/users/ HTTP/1.1" 200 4276
[01/Jan/2020 10:22:58] "GET /admin/users/inventoryissued/ HTTP/1.1" 200 5604
[01/Jan/2020 10:22:59] "GET /admin/jsi18n/ HTTP/1.1" 200 3223
[01/Jan/2020 10:23:03] "GET /admin/users/ HTTP/1.1" 200 4276
[01/Jan/2020 10:23:05] "GET /admin/users/roleofuser/ HTTP/1.1" 200 4593
[01/Jan/2020 10:23:05] "GET /admin/jsi18n/ HTTP/1.1" 200 3223
[01/Jan/2020 10:23:11] "GET /admin/users/roleofuser/add/ HTTP/1.1" 200 4010
[01/Jan/2020 10:23:12] "GET /admin/jsi18n/ HTTP/1.1" 200 3223
[01/Jan/2020 10:23:18] "POST /admin/users/roleofuser/add/ HTTP/1.1" 302 0
[01/Jan/2020 10:23:19] "GET /admin/users/roleofuser/ HTTP/1.1" 200 5018
[01/Jan/2020 10:23:19] "GET /admin/jsi18n/ HTTP/1.1" 200 3223
[01/Jan/2020 10:23:24] "GET /admin/users/ HTTP/1.1" 200 4276
[01/Jan/2020 10:23:27] "GET /admin/users/userprofile/ HTTP/1.1" 200 4595
[01/Jan/2020 10:23:27] "GET /admin/jsi18n/ HTTP/1.1" 200 3223
[01/Jan/2020 10:23:29] "GET /admin/users/userprofile/add/ HTTP/1.1" 200 7930
[01/Jan/2020 10:23:30] "GET /admin/jsi18n/ HTTP/1.1" 200 3223
[01/Jan/2020 10:24:15] "POST /admin/users/userprofile/add/ HTTP/1.1" 302 0
[01/Jan/2020 10:24:16] "GET /admin/users/userprofile/ HTTP/1.1" 200 5008
[01/Jan/2020 10:24:16] "GET /admin/jsi18n/ HTTP/1.1" 200 3223
[01/Jan/2020 10:24:19] "GET /admin/users/ HTTP/1.1" 200 4276
[01/Jan/2020 10:24:22] "GET /admin/users/inventoryissued/ HTTP/1.1" 200 5701
[01/Jan/2020 10:24:22] "GET /admin/jsi18n/ HTTP/1.1" 200 3223
[01/Jan/2020 10:24:25] "GET /admin/users/inventoryissued/add/ HTTP/1.1" 200 8806
[01/Jan/2020 10:24:25] "GET /static/admin/js/SelectBox.js HTTP/1.1" 200 5755
[01/Jan/2020 10:24:26] "GET /static/admin/js/SelectFilter2.js HTTP/1.1" 200 12322
[01/Jan/2020 10:24:26] "GET /admin/jsi18n/ HTTP/1.1" 200 3223
[01/Jan/2020 10:24:26] "GET /static/admin/img/icon-unknown-alt.svg HTTP/1.1" 200 655
[01/Jan/2020 10:24:26] "GET /static/admin/img/selector-icons.svg HTTP/1.1" 200 3291
[01/Jan/2020 10:24:26] "GET /static/admin/img/icon-unknown.svg HTTP/1.1" 200 655
[01/Jan/2020 10:24:53] "POST /admin/users/inventoryissued/add/ HTTP/1.1" 302 0
[01/Jan/2020 10:24:53] "GET /admin/users/inventoryissued/ HTTP/1.1" 200 6192
[01/Jan/2020 10:24:54] "GET /admin/jsi18n/ HTTP/1.1" 200 3223
[01/Jan/2020 10:24:57] "GET /admin/users/inventoryissued/2/change/ HTTP/1.1" 200 9028
[01/Jan/2020 10:24:57] "GET /admin/jsi18n/ HTTP/1.1" 200 3223
[01/Jan/2020 10:25:08] "GET /admin/users/ HTTP/1.1" 200 4276
[01/Jan/2020 10:25:46] "GET /admin/users/roleofuser/ HTTP/1.1" 200 4822
[01/Jan/2020 10:25:46] "GET /admin/jsi18n/ HTTP/1.1" 200 3223
[01/Jan/2020 10:25:54] "GET /admin/users/ HTTP/1.1" 200 4276
[01/Jan/2020 10:26:20] "GET /admin/users/userprofile/ HTTP/1.1" 200 4818
[01/Jan/2020 10:26:20] "GET /admin/jsi18n/ HTTP/1.1" 200 3223
[01/Jan/2020 10:26:22] "GET /admin/users/userprofile/3/change/ HTTP/1.1" 200 8221
[01/Jan/2020 10:26:22] "GET /admin/jsi18n/ HTTP/1.1" 200 3223
[01/Jan/2020 10:26:43] "POST /admin/users/userprofile/3/change/ HTTP/1.1" 302 0
[01/Jan/2020 10:26:43] "GET /admin/users/userprofile/ HTTP/1.1" 200 5010
[01/Jan/2020 10:26:44] "GET /admin/jsi18n/ HTTP/1.1" 200 3223
[01/Jan/2020 10:27:10] "GET /admin/users/ HTTP/1.1" 200 4276
[01/Jan/2020 10:27:12] "GET /admin/users/inventoryissued/ HTTP/1.1" 200 5994
[01/Jan/2020 10:27:13] "GET /admin/jsi18n/ HTTP/1.1" 200 3223
[01/Jan/2020 10:27:18] "GET /admin/users/inventoryissued/?get_user_type__id__exact=1 HTTP/1.1" 200 6065
[01/Jan/2020 10:27:18] "GET /admin/jsi18n/ HTTP/1.1" 200 3223
[01/Jan/2020 10:28:01] "GET /admin/users/ HTTP/1.1" 200 4276
[01/Jan/2020 10:29:26] "GET / HTTP/1.1" 404 77
[01/Jan/2020 10:31:31] "GET / HTTP/1.1" 400 26
[01/Jan/2020 10:32:58] "GET /admin/users/inventoryissued/ HTTP/1.1" 200 5994
[01/Jan/2020 10:33:00] "GET /admin/users/inventoryissued/ HTTP/1.1" 200 5994
Traceback (most recent call last):
  File "/usr/lib/python3.5/socketserver.py", line 625, in process_request_thread
    self.finish_request(request, client_address)
  File "/usr/lib/python3.5/socketserver.py", line 354, in finish_request
    self.RequestHandlerClass(request, client_address, self)
  File "/usr/lib/python3.5/socketserver.py", line 681, in __init__
    self.handle()
  File "/usr/local/lib/python3.5/dist-packages/django/core/servers/basehttp.py", line 171, in handle
    self.handle_one_request()
  File "/usr/local/lib/python3.5/dist-packages/django/core/servers/basehttp.py", line 179, in handle_one_request
    self.raw_requestline = self.rfile.readline(65537)
  File "/usr/lib/python3.5/socket.py", line 575, in readinto
    return self._sock.recv_into(b)
ConnectionResetError: [Errno 104] Connection reset by peer
[01/Jan/2020 10:50:04] "GET / HTTP/1.1" 400 26
project dir:  /home/yously_rd/dudic-inventory/inventory
static dir:  /home/yously_rd/dudic-inventory/inventory/static
